[2019-12-18 11:01:24][DEBUG][文件名:main.go方法名:main行号:12]1,这是一条Debugger日志
[2019-12-18 11:01:24][TRACE][文件名:main.go方法名:main行号:13]2.TRACE
[2019-12-18 11:01:24][INFO][文件名:main.go方法名:main行号:14]3.这是一条Info日志
[2019-12-18 11:01:24][WARNING][文件名:main.go方法名:main行号:15]4.Waring
[2019-12-18 11:01:24][ERROR][文件名:main.go方法名:main行号:18]5.错误日志,id:1001,name张三
[2019-12-18 11:01:24][FATAL][文件名:main.go方法名:main行号:19]6.fatal
[2019-12-18 11:01:25][DEBUG][文件名:main.go方法名:main行号:12]1,这是一条Debugger日志
[2019-12-18 11:01:25][TRACE][文件名:main.go方法名:main行号:13]2.TRACE
[2019-12-18 11:01:25][INFO][文件名:main.go方法名:main行号:14]3.这是一条Info日志
[2019-12-18 11:01:25][WARNING][文件名:main.go方法名:main行号:15]4.Waring
[2019-12-18 11:01:25][ERROR][文件名:main.go方法名:main行号:18]5.错误日志,id:1001,name张三
[2019-12-18 11:01:25][FATAL][文件名:main.go方法名:main行号:19]6.fatal
[2019-12-18 11:01:26][DEBUG][文件名:main.go方法名:main行号:12]1,这是一条Debugger日志
[2019-12-18 11:01:26][TRACE][文件名:main.go方法名:main行号:13]2.TRACE
[2019-12-18 11:01:26][INFO][文件名:main.go方法名:main行号:14]3.这是一条Info日志
[2019-12-18 11:01:26][WARNING][文件名:main.go方法名:main行号:15]4.Waring
[2019-12-18 11:01:26][ERROR][文件名:main.go方法名:main行号:18]5.错误日志,id:1001,name张三
[2019-12-18 11:01:26][FATAL][文件名:main.go方法名:main行号:19]6.fatal
[2019-12-18 11:01:27][DEBUG][文件名:main.go方法名:main行号:12]1,这是一条Debugger日志
[2019-12-18 11:01:27][TRACE][文件名:main.go方法名:main行号:13]2.TRACE
[2019-12-18 11:01:27][INFO][文件名:main.go方法名:main行号:14]3.这是一条Info日志
[2019-12-18 11:01:27][WARNING][文件名:main.go方法名:main行号:15]4.Waring
[2019-12-18 11:01:27][ERROR][文件名:main.go方法名:main行号:18]5.错误日志,id:1001,name张三
[2019-12-18 11:01:27][FATAL][文件名:main.go方法名:main行号:19]6.fatal
[2019-12-18 11:01:28][DEBUG][文件名:main.go方法名:main行号:12]1,这是一条Debugger日志
[2019-12-18 11:01:28][TRACE][文件名:main.go方法名:main行号:13]2.TRACE
[2019-12-18 11:01:28][INFO][文件名:main.go方法名:main行号:14]3.这是一条Info日志
[2019-12-18 11:01:28][WARNING][文件名:main.go方法名:main行号:15]4.Waring
[2019-12-18 11:01:28][ERROR][文件名:main.go方法名:main行号:18]5.错误日志,id:1001,name张三
[2019-12-18 11:01:28][FATAL][文件名:main.go方法名:main行号:19]6.fatal
[2019-12-18 11:01:29][DEBUG][文件名:main.go方法名:main行号:12]1,这是一条Debugger日志
[2019-12-18 11:01:29][TRACE][文件名:main.go方法名:main行号:13]2.TRACE
[2019-12-18 11:01:29][INFO][文件名:main.go方法名:main行号:14]3.这是一条Info日志
[2019-12-18 11:01:29][WARNING][文件名:main.go方法名:main行号:15]4.Waring
[2019-12-18 11:01:29][ERROR][文件名:main.go方法名:main行号:18]5.错误日志,id:1001,name张三
[2019-12-18 11:01:29][FATAL][文件名:main.go方法名:main行号:19]6.fatal
[2019-12-18 11:01:30][DEBUG][文件名:main.go方法名:main行号:12]1,这是一条Debugger日志
[2019-12-18 11:01:30][TRACE][文件名:main.go方法名:main行号:13]2.TRACE
[2019-12-18 11:01:30][INFO][文件名:main.go方法名:main行号:14]3.这是一条Info日志
[2019-12-18 11:01:30][WARNING][文件名:main.go方法名:main行号:15]4.Waring
[2019-12-18 11:01:30][ERROR][文件名:main.go方法名:main行号:18]5.错误日志,id:1001,name张三
[2019-12-18 11:01:30][FATAL][文件名:main.go方法名:main行号:19]6.fatal
[2019-12-18 11:01:31][DEBUG][文件名:main.go方法名:main行号:12]1,这是一条Debugger日志
[2019-12-18 11:01:31][TRACE][文件名:main.go方法名:main行号:13]2.TRACE
[2019-12-18 11:01:31][INFO][文件名:main.go方法名:main行号:14]3.这是一条Info日志
[2019-12-18 11:01:31][WARNING][文件名:main.go方法名:main行号:15]4.Waring
[2019-12-18 11:01:31][ERROR][文件名:main.go方法名:main行号:18]5.错误日志,id:1001,name张三
[2019-12-18 11:01:31][FATAL][文件名:main.go方法名:main行号:19]6.fatal
[2019-12-18 11:01:32][DEBUG][文件名:main.go方法名:main行号:12]1,这是一条Debugger日志
[2019-12-18 11:01:32][TRACE][文件名:main.go方法名:main行号:13]2.TRACE
[2019-12-18 11:01:32][INFO][文件名:main.go方法名:main行号:14]3.这是一条Info日志
[2019-12-18 11:01:32][WARNING][文件名:main.go方法名:main行号:15]4.Waring
[2019-12-18 11:01:32][ERROR][文件名:main.go方法名:main行号:18]5.错误日志,id:1001,name张三
[2019-12-18 11:01:32][FATAL][文件名:main.go方法名:main行号:19]6.fatal
[2019-12-18 11:01:33][DEBUG][文件名:main.go方法名:main行号:12]1,这是一条Debugger日志
[2019-12-18 11:01:33][TRACE][文件名:main.go方法名:main行号:13]2.TRACE
[2019-12-18 11:01:33][INFO][文件名:main.go方法名:main行号:14]3.这是一条Info日志
[2019-12-18 11:01:33][WARNING][文件名:main.go方法名:main行号:15]4.Waring
[2019-12-18 11:01:33][ERROR][文件名:main.go方法名:main行号:18]5.错误日志,id:1001,name张三
[2019-12-18 11:01:33][FATAL][文件名:main.go方法名:main行号:19]6.fatal
[2019-12-18 11:01:34][DEBUG][文件名:main.go方法名:main行号:12]1,这是一条Debugger日志
[2019-12-18 11:01:34][TRACE][文件名:main.go方法名:main行号:13]2.TRACE
[2019-12-18 11:01:34][INFO][文件名:main.go方法名:main行号:14]3.这是一条Info日志
[2019-12-18 11:01:34][WARNING][文件名:main.go方法名:main行号:15]4.Waring
[2019-12-18 11:01:34][ERROR][文件名:main.go方法名:main行号:18]5.错误日志,id:1001,name张三
[2019-12-18 11:01:34][FATAL][文件名:main.go方法名:main行号:19]6.fatal
[2019-12-18 11:01:35][DEBUG][文件名:main.go方法名:main行号:12]1,这是一条Debugger日志
[2019-12-18 11:01:35][TRACE][文件名:main.go方法名:main行号:13]2.TRACE
[2019-12-18 11:01:35][INFO][文件名:main.go方法名:main行号:14]3.这是一条Info日志
[2019-12-18 11:01:35][WARNING][文件名:main.go方法名:main行号:15]4.Waring
[2019-12-18 11:01:35][ERROR][文件名:main.go方法名:main行号:18]5.错误日志,id:1001,name张三
[2019-12-18 11:01:35][FATAL][文件名:main.go方法名:main行号:19]6.fatal
[2019-12-18 11:01:36][DEBUG][文件名:main.go方法名:main行号:12]1,这是一条Debugger日志
[2019-12-18 11:01:36][TRACE][文件名:main.go方法名:main行号:13]2.TRACE
[2019-12-18 11:01:36][INFO][文件名:main.go方法名:main行号:14]3.这是一条Info日志
[2019-12-18 11:01:36][WARNING][文件名:main.go方法名:main行号:15]4.Waring
[2019-12-18 11:01:36][ERROR][文件名:main.go方法名:main行号:18]5.错误日志,id:1001,name张三
[2019-12-18 11:01:36][FATAL][文件名:main.go方法名:main行号:19]6.fatal
